2020-04-04 18:29:13,355 INFO org.springframework.boot.StartupInfoLogger [main] Starting RocketApplication on DESKTOP-1114D6O with PID 7824 (E:\Ravi\Personal Project\rocket\backend\git-repo\rocket\target\classes started by Divergent-Ravi in E:\Ravi\Personal Project\rocket\backend\git-repo\rocket)
2020-04-04 18:29:13,361 INFO org.springframework.boot.SpringApplication [main] No active profile set, falling back to default profiles: default
2020-04-04 18:29:14,628 INFO org.springframework.data.repository.config.RepositoryConfigurationDelegate [main] Bootstrapping Spring Data JPA repositories in DEFAULT mode.
2020-04-04 18:29:14,723 INFO org.springframework.data.repository.config.RepositoryConfigurationDelegate [main] Finished Spring Data repository scanning in 83ms. Found 2 JPA repository interfaces.
2020-04-04 18:29:15,702 INFO org.springframework.boot.web.embedded.tomcat.TomcatWebServer [main] Tomcat initialized with port(s): 8082 (http)
2020-04-04 18:29:15,714 INFO org.apache.juli.logging.DirectJDKLog [main] Initializing ProtocolHandler ["http-nio-8082"]
2020-04-04 18:29:15,715 INFO org.apache.juli.logging.DirectJDKLog [main] Starting service [Tomcat]
2020-04-04 18:29:15,716 INFO org.apache.juli.logging.DirectJDKLog [main] Starting Servlet engine: [Apache Tomcat/9.0.33]
2020-04-04 18:29:15,859 INFO org.apache.juli.logging.DirectJDKLog [main] Initializing Spring embedded WebApplicationContext
2020-04-04 18:29:16,080 INFO com.zaxxer.hikari.HikariDataSource [main] HikariPool-1 - Starting...
2020-04-04 18:29:16,397 INFO com.zaxxer.hikari.HikariDataSource [main] HikariPool-1 - Start completed.
2020-04-04 18:29:17,636 INFO liquibase.logging.core.Slf4jLogger [main] SELECT COUNT(*) FROM public.databasechangeloglock
2020-04-04 18:29:17,656 INFO liquibase.logging.core.Slf4jLogger [main] CREATE TABLE public.databasechangeloglock (ID INTEGER NOT NULL, LOCKED BOOLEAN NOT NULL, LOCKGRANTED TIMESTAMP WITHOUT TIME ZONE, LOCKEDBY VARCHAR(255), CONSTRAINT DATABASECHANGELOGLOCK_PKEY PRIMARY KEY (ID))
2020-04-04 18:29:17,681 INFO liquibase.logging.core.Slf4jLogger [main] SELECT COUNT(*) FROM public.databasechangeloglock
2020-04-04 18:29:17,685 INFO liquibase.logging.core.Slf4jLogger [main] DELETE FROM public.databasechangeloglock
2020-04-04 18:29:17,688 INFO liquibase.logging.core.Slf4jLogger [main] INSERT INTO public.databasechangeloglock (ID, LOCKED) VALUES (1, FALSE)
2020-04-04 18:29:17,692 INFO liquibase.logging.core.Slf4jLogger [main] SELECT LOCKED FROM public.databasechangeloglock WHERE ID=1
2020-04-04 18:29:17,701 INFO liquibase.logging.core.Slf4jLogger [main] Successfully acquired change log lock
2020-04-04 18:29:17,706 INFO liquibase.logging.core.Slf4jLogger [main] Successfully released change log lock
2020-04-04 18:29:17,709 WARN org.springframework.context.support.AbstractApplicationContext [main] Exception encountered during context initialization - cancelling refresh attempt: org.springframework.beans.factory.BeanCreationException: Error creating bean with name 'liquibase' defined in class path resource [org/springframework/boot/autoconfigure/liquibase/LiquibaseAutoConfiguration$LiquibaseConfiguration.class]: Invocation of init method failed; nested exception is liquibase.exception.ChangeLogParseException: Error Reading Migration File: class path resource [database/db.update.xml] cannot be resolved to URL because it does not exist
2020-04-04 18:29:17,709 INFO com.zaxxer.hikari.HikariDataSource [main] HikariPool-1 - Shutdown initiated...
2020-04-04 18:29:17,719 INFO com.zaxxer.hikari.HikariDataSource [main] HikariPool-1 - Shutdown completed.
2020-04-04 18:29:17,723 INFO org.apache.juli.logging.DirectJDKLog [main] Stopping service [Tomcat]
2020-04-04 18:29:17,739 INFO org.springframework.boot.autoconfigure.logging.ConditionEvaluationReportLoggingListener [main] 

Error starting ApplicationContext. To display the conditions report re-run your application with 'debug' enabled.
2020-04-04 18:29:17,750 ERROR org.springframework.boot.SpringApplication [main] Application run failed
org.springframework.beans.factory.BeanCreationException: Error creating bean with name 'liquibase' defined in class path resource [org/springframework/boot/autoconfigure/liquibase/LiquibaseAutoConfiguration$LiquibaseConfiguration.class]: Invocation of init method failed; nested exception is liquibase.exception.ChangeLogParseException: Error Reading Migration File: class path resource [database/db.update.xml] cannot be resolved to URL because it does not exist
	at org.springframework.beans.factory.support.AbstractAutowireCapableBeanFactory.initializeBean(AbstractAutowireCapableBeanFactory.java:1796)
	at org.springframework.beans.factory.support.AbstractAutowireCapableBeanFactory.doCreateBean(AbstractAutowireCapableBeanFactory.java:595)
	at org.springframework.beans.factory.support.AbstractAutowireCapableBeanFactory.createBean(AbstractAutowireCapableBeanFactory.java:517)
	at org.springframework.beans.factory.support.AbstractBeanFactory.lambda$doGetBean$0(AbstractBeanFactory.java:323)
	at org.springframework.beans.factory.support.DefaultSingletonBeanRegistry.getSingleton(DefaultSingletonBeanRegistry.java:222)
	at org.springframework.beans.factory.support.AbstractBeanFactory.doGetBean(AbstractBeanFactory.java:321)
	at org.springframework.beans.factory.support.AbstractBeanFactory.getBean(AbstractBeanFactory.java:202)
	at org.springframework.beans.factory.support.AbstractBeanFactory.doGetBean(AbstractBeanFactory.java:310)
	at org.springframework.beans.factory.support.AbstractBeanFactory.getBean(AbstractBeanFactory.java:202)
	at org.springframework.context.support.AbstractApplicationContext.getBean(AbstractApplicationContext.java:1108)
	at org.springframework.context.support.AbstractApplicationContext.finishBeanFactoryInitialization(AbstractApplicationContext.java:868)
	at org.springframework.context.support.AbstractApplicationContext.refresh(AbstractApplicationContext.java:550)
	at org.springframework.boot.web.servlet.context.ServletWebServerApplicationContext.refresh(ServletWebServerApplicationContext.java:141)
	at org.springframework.boot.SpringApplication.refresh(SpringApplication.java:747)
	at org.springframework.boot.SpringApplication.refreshContext(SpringApplication.java:397)
	at org.springframework.boot.SpringApplication.run(SpringApplication.java:315)
	at org.springframework.boot.SpringApplication.run(SpringApplication.java:1226)
	at org.springframework.boot.SpringApplication.run(SpringApplication.java:1215)
	at com.rocket.crm.RocketApplication.main(RocketApplication.java:10)
Caused by: liquibase.exception.ChangeLogParseException: Error Reading Migration File: class path resource [database/db.update.xml] cannot be resolved to URL because it does not exist
	at liquibase.parser.core.xml.XMLChangeLogSAXParser.parseToNode(XMLChangeLogSAXParser.java:118)
	at liquibase.parser.core.xml.AbstractChangeLogParser.parse(AbstractChangeLogParser.java:15)
	at liquibase.Liquibase.getDatabaseChangeLog(Liquibase.java:217)
	at liquibase.Liquibase.update(Liquibase.java:190)
	at liquibase.Liquibase.update(Liquibase.java:179)
	at liquibase.integration.spring.SpringLiquibase.performUpdate(SpringLiquibase.java:366)
	at liquibase.integration.spring.SpringLiquibase.afterPropertiesSet(SpringLiquibase.java:314)
	at org.springframework.beans.factory.support.AbstractAutowireCapableBeanFactory.invokeInitMethods(AbstractAutowireCapableBeanFactory.java:1855)
	at org.springframework.beans.factory.support.AbstractAutowireCapableBeanFactory.initializeBean(AbstractAutowireCapableBeanFactory.java:1792)
	... 18 common frames omitted
Caused by: java.io.FileNotFoundException: class path resource [database/db.update.xml] cannot be resolved to URL because it does not exist
	at org.springframework.core.io.ClassPathResource.getURL(ClassPathResource.java:195)
	at liquibase.integration.spring.SpringLiquibase$SpringResourceOpener.getResourcesAsStream(SpringLiquibase.java:613)
	at liquibase.util.StreamUtil.singleInputStream(StreamUtil.java:186)
	at liquibase.parser.core.xml.XMLChangeLogSAXParser.parseToNode(XMLChangeLogSAXParser.java:71)
	... 26 common frames omitted
